c:\users\yochung\desktop\windows-via-cplusplus-code\16-summation\debug\vc140.pdb
c:\users\yochung\desktop\windows-via-cplusplus-code\16-summation\debug\vc140.idb
c:\users\yochung\desktop\windows-via-cplusplus-code\16-summation\debug\summation.obj
c:\users\yochung\desktop\windows-via-cplusplus-code\debug\16-summation.ilk
c:\users\yochung\desktop\windows-via-cplusplus-code\debug\16-summation.exe
c:\users\yochung\desktop\windows-via-cplusplus-code\debug\16-summation.pdb
c:\users\yochung\desktop\windows-via-cplusplus-code\16-summation\debug\summation.res
c:\users\yochung\documents\githubvisualstudio\windcode\16-summation\debug\summation.obj
c:\users\yochung\documents\githubvisualstudio\windcode\16-summation\debug\summation.res
c:\users\yochung\documents\githubvisualstudio\windcode\16-summation\debug\vc140.idb
c:\users\yochung\documents\githubvisualstudio\windcode\16-summation\debug\vc140.pdb
c:\users\yochung\documents\githubvisualstudio\windcode\debug\16-summation.pdb
c:\users\yochung\documents\githubvisualstudio\windcode\debug\16-summation.exe
c:\users\yochung\documents\githubvisualstudio\windcode\debug\16-summation.ilk
c:\users\yochung\documents\githubvisualstudio\windcode\16-summation\debug\16-summation.tlog\cl.command.1.tlog
c:\users\yochung\documents\githubvisualstudio\windcode\16-summation\debug\16-summation.tlog\cl.read.1.tlog
c:\users\yochung\documents\githubvisualstudio\windcode\16-summation\debug\16-summation.tlog\cl.write.1.tlog
c:\users\yochung\documents\githubvisualstudio\windcode\16-summation\debug\16-summation.tlog\link.command.1.tlog
c:\users\yochung\documents\githubvisualstudio\windcode\16-summation\debug\16-summation.tlog\link.read.1.tlog
c:\users\yochung\documents\githubvisualstudio\windcode\16-summation\debug\16-summation.tlog\link.write.1.tlog
c:\users\yochung\documents\githubvisualstudio\windcode\16-summation\debug\16-summation.tlog\rc.command.1.tlog
c:\users\yochung\documents\githubvisualstudio\windcode\16-summation\debug\16-summation.tlog\rc.read.1.tlog
c:\users\yochung\documents\githubvisualstudio\windcode\16-summation\debug\16-summation.tlog\rc.write.1.tlog
