c:\users\yochung\desktop\windows-via-cplusplus-code\14-sysinfo\debug\vc140.pdb
c:\users\yochung\desktop\windows-via-cplusplus-code\14-sysinfo\debug\vc140.idb
c:\users\yochung\desktop\windows-via-cplusplus-code\14-sysinfo\debug\sysinfo.obj
c:\users\yochung\desktop\windows-via-cplusplus-code\debug\14-sysinfo.ilk
c:\users\yochung\desktop\windows-via-cplusplus-code\debug\14-sysinfo.exe
c:\users\yochung\desktop\windows-via-cplusplus-code\debug\14-sysinfo.pdb
c:\users\yochung\desktop\windows-via-cplusplus-code\14-sysinfo\debug\sysinfo.res
c:\users\yochung\documents\githubvisualstudio\windcode\14-sysinfo\debug\sysinfo.obj
c:\users\yochung\documents\githubvisualstudio\windcode\14-sysinfo\debug\sysinfo.res
c:\users\yochung\documents\githubvisualstudio\windcode\14-sysinfo\debug\vc140.idb
c:\users\yochung\documents\githubvisualstudio\windcode\14-sysinfo\debug\vc140.pdb
c:\users\yochung\documents\githubvisualstudio\windcode\debug\14-sysinfo.pdb
c:\users\yochung\documents\githubvisualstudio\windcode\debug\14-sysinfo.exe
c:\users\yochung\documents\githubvisualstudio\windcode\debug\14-sysinfo.ilk
c:\users\yochung\documents\githubvisualstudio\windcode\14-sysinfo\debug\14-sysinfo.tlog\cl.command.1.tlog
c:\users\yochung\documents\githubvisualstudio\windcode\14-sysinfo\debug\14-sysinfo.tlog\cl.read.1.tlog
c:\users\yochung\documents\githubvisualstudio\windcode\14-sysinfo\debug\14-sysinfo.tlog\cl.write.1.tlog
c:\users\yochung\documents\githubvisualstudio\windcode\14-sysinfo\debug\14-sysinfo.tlog\link.command.1.tlog
c:\users\yochung\documents\githubvisualstudio\windcode\14-sysinfo\debug\14-sysinfo.tlog\link.read.1.tlog
c:\users\yochung\documents\githubvisualstudio\windcode\14-sysinfo\debug\14-sysinfo.tlog\link.write.1.tlog
c:\users\yochung\documents\githubvisualstudio\windcode\14-sysinfo\debug\14-sysinfo.tlog\rc.command.1.tlog
c:\users\yochung\documents\githubvisualstudio\windcode\14-sysinfo\debug\14-sysinfo.tlog\rc.read.1.tlog
c:\users\yochung\documents\githubvisualstudio\windcode\14-sysinfo\debug\14-sysinfo.tlog\rc.write.1.tlog
