c:\users\yochung\desktop\windows-via-cplusplus-code\05-joblab\debug\vc140.pdb
c:\users\yochung\desktop\windows-via-cplusplus-code\05-joblab\debug\vc140.idb
c:\users\yochung\desktop\windows-via-cplusplus-code\05-joblab\debug\joblab.obj
c:\users\yochung\desktop\windows-via-cplusplus-code\debug\05-joblab.ilk
c:\users\yochung\desktop\windows-via-cplusplus-code\debug\05-joblab.exe
c:\users\yochung\desktop\windows-via-cplusplus-code\debug\05-joblab.pdb
c:\users\yochung\desktop\windows-via-cplusplus-code\05-joblab\debug\joblab.res
c:\users\yochung\documents\githubvisualstudio\windcode\05-joblab\debug\joblab.obj
c:\users\yochung\documents\githubvisualstudio\windcode\05-joblab\debug\joblab.res
c:\users\yochung\documents\githubvisualstudio\windcode\05-joblab\debug\vc140.idb
c:\users\yochung\documents\githubvisualstudio\windcode\05-joblab\debug\vc140.pdb
c:\users\yochung\documents\githubvisualstudio\windcode\debug\05-joblab.pdb
c:\users\yochung\documents\githubvisualstudio\windcode\debug\05-joblab.exe
c:\users\yochung\documents\githubvisualstudio\windcode\debug\05-joblab.ilk
c:\users\yochung\documents\githubvisualstudio\windcode\05-joblab\debug\05-joblab.tlog\cl.command.1.tlog
c:\users\yochung\documents\githubvisualstudio\windcode\05-joblab\debug\05-joblab.tlog\cl.read.1.tlog
c:\users\yochung\documents\githubvisualstudio\windcode\05-joblab\debug\05-joblab.tlog\cl.write.1.tlog
c:\users\yochung\documents\githubvisualstudio\windcode\05-joblab\debug\05-joblab.tlog\link.command.1.tlog
c:\users\yochung\documents\githubvisualstudio\windcode\05-joblab\debug\05-joblab.tlog\link.read.1.tlog
c:\users\yochung\documents\githubvisualstudio\windcode\05-joblab\debug\05-joblab.tlog\link.write.1.tlog
c:\users\yochung\documents\githubvisualstudio\windcode\05-joblab\debug\05-joblab.tlog\rc.command.1.tlog
c:\users\yochung\documents\githubvisualstudio\windcode\05-joblab\debug\05-joblab.tlog\rc.read.1.tlog
c:\users\yochung\documents\githubvisualstudio\windcode\05-joblab\debug\05-joblab.tlog\rc.write.1.tlog
