c:\users\yochung\desktop\windows-via-cplusplus-code\09-handshake\debug\vc140.pdb
c:\users\yochung\desktop\windows-via-cplusplus-code\09-handshake\debug\vc140.idb
c:\users\yochung\desktop\windows-via-cplusplus-code\09-handshake\debug\handshake.obj
c:\users\yochung\desktop\windows-via-cplusplus-code\debug\09-handshake.ilk
c:\users\yochung\desktop\windows-via-cplusplus-code\debug\09-handshake.exe
c:\users\yochung\desktop\windows-via-cplusplus-code\debug\09-handshake.pdb
c:\users\yochung\desktop\windows-via-cplusplus-code\09-handshake\debug\handshake.res
c:\users\yochung\documents\githubvisualstudio\windcode\09-handshake\debug\handshake.obj
c:\users\yochung\documents\githubvisualstudio\windcode\09-handshake\debug\handshake.res
c:\users\yochung\documents\githubvisualstudio\windcode\09-handshake\debug\vc140.idb
c:\users\yochung\documents\githubvisualstudio\windcode\09-handshake\debug\vc140.pdb
c:\users\yochung\documents\githubvisualstudio\windcode\debug\09-handshake.pdb
c:\users\yochung\documents\githubvisualstudio\windcode\debug\09-handshake.exe
c:\users\yochung\documents\githubvisualstudio\windcode\debug\09-handshake.ilk
c:\users\yochung\documents\githubvisualstudio\windcode\09-handshake\debug\09-handshake.tlog\cl.command.1.tlog
c:\users\yochung\documents\githubvisualstudio\windcode\09-handshake\debug\09-handshake.tlog\cl.read.1.tlog
c:\users\yochung\documents\githubvisualstudio\windcode\09-handshake\debug\09-handshake.tlog\cl.write.1.tlog
c:\users\yochung\documents\githubvisualstudio\windcode\09-handshake\debug\09-handshake.tlog\link.command.1.tlog
c:\users\yochung\documents\githubvisualstudio\windcode\09-handshake\debug\09-handshake.tlog\link.read.1.tlog
c:\users\yochung\documents\githubvisualstudio\windcode\09-handshake\debug\09-handshake.tlog\link.write.1.tlog
c:\users\yochung\documents\githubvisualstudio\windcode\09-handshake\debug\09-handshake.tlog\rc.command.1.tlog
c:\users\yochung\documents\githubvisualstudio\windcode\09-handshake\debug\09-handshake.tlog\rc.read.1.tlog
c:\users\yochung\documents\githubvisualstudio\windcode\09-handshake\debug\09-handshake.tlog\rc.write.1.tlog
