c:\users\yochung\desktop\windows-via-cplusplus-code\26-customizedwer\debug\vc140.pdb
c:\users\yochung\desktop\windows-via-cplusplus-code\26-customizedwer\debug\vc140.idb
c:\users\yochung\desktop\windows-via-cplusplus-code\26-customizedwer\debug\customizedwer.obj
c:\users\yochung\desktop\windows-via-cplusplus-code\debug\26-customizedwer.ilk
c:\users\yochung\desktop\windows-via-cplusplus-code\debug\26-customizedwer.exe
c:\users\yochung\desktop\windows-via-cplusplus-code\debug\26-customizedwer.pdb
c:\users\yochung\desktop\windows-via-cplusplus-code\26-customizedwer\debug\customizedwer.res
c:\users\yochung\documents\githubvisualstudio\windcode\26-customizedwer\debug\customizedwer.obj
c:\users\yochung\documents\githubvisualstudio\windcode\26-customizedwer\debug\customizedwer.res
c:\users\yochung\documents\githubvisualstudio\windcode\26-customizedwer\debug\vc140.idb
c:\users\yochung\documents\githubvisualstudio\windcode\26-customizedwer\debug\vc140.pdb
c:\users\yochung\documents\githubvisualstudio\windcode\debug\26-customizedwer.pdb
c:\users\yochung\documents\githubvisualstudio\windcode\debug\26-customizedwer.exe
c:\users\yochung\documents\githubvisualstudio\windcode\debug\26-customizedwer.ilk
c:\users\yochung\documents\githubvisualstudio\windcode\26-customizedwer\debug\26-customizedwer.tlog\cl.command.1.tlog
c:\users\yochung\documents\githubvisualstudio\windcode\26-customizedwer\debug\26-customizedwer.tlog\cl.read.1.tlog
c:\users\yochung\documents\githubvisualstudio\windcode\26-customizedwer\debug\26-customizedwer.tlog\cl.write.1.tlog
c:\users\yochung\documents\githubvisualstudio\windcode\26-customizedwer\debug\26-customizedwer.tlog\link.command.1.tlog
c:\users\yochung\documents\githubvisualstudio\windcode\26-customizedwer\debug\26-customizedwer.tlog\link.read.1.tlog
c:\users\yochung\documents\githubvisualstudio\windcode\26-customizedwer\debug\26-customizedwer.tlog\link.write.1.tlog
c:\users\yochung\documents\githubvisualstudio\windcode\26-customizedwer\debug\26-customizedwer.tlog\rc.command.1.tlog
c:\users\yochung\documents\githubvisualstudio\windcode\26-customizedwer\debug\26-customizedwer.tlog\rc.read.1.tlog
c:\users\yochung\documents\githubvisualstudio\windcode\26-customizedwer\debug\26-customizedwer.tlog\rc.write.1.tlog
