c:\users\yochung\desktop\windows-via-cplusplus-code\01-errorshow\debug\vc140.pdb
c:\users\yochung\desktop\windows-via-cplusplus-code\01-errorshow\debug\vc140.idb
c:\users\yochung\desktop\windows-via-cplusplus-code\01-errorshow\debug\errorshow.obj
c:\users\yochung\desktop\windows-via-cplusplus-code\debug\01-errorshow.ilk
c:\users\yochung\desktop\windows-via-cplusplus-code\debug\01-errorshow.exe
c:\users\yochung\desktop\windows-via-cplusplus-code\debug\01-errorshow.pdb
c:\users\yochung\desktop\windows-via-cplusplus-code\01-errorshow\debug\errorshow.res
c:\users\yochung\documents\githubvisualstudio\windcode\01-errorshow\debug\errorshow.obj
c:\users\yochung\documents\githubvisualstudio\windcode\01-errorshow\debug\errorshow.res
c:\users\yochung\documents\githubvisualstudio\windcode\01-errorshow\debug\vc140.idb
c:\users\yochung\documents\githubvisualstudio\windcode\01-errorshow\debug\vc140.pdb
c:\users\yochung\documents\githubvisualstudio\windcode\debug\01-errorshow.pdb
c:\users\yochung\documents\githubvisualstudio\windcode\debug\01-errorshow.exe
c:\users\yochung\documents\githubvisualstudio\windcode\debug\01-errorshow.ilk
c:\users\yochung\documents\githubvisualstudio\windcode\01-errorshow\debug\01-errorshow.tlog\cl.command.1.tlog
c:\users\yochung\documents\githubvisualstudio\windcode\01-errorshow\debug\01-errorshow.tlog\cl.read.1.tlog
c:\users\yochung\documents\githubvisualstudio\windcode\01-errorshow\debug\01-errorshow.tlog\cl.write.1.tlog
c:\users\yochung\documents\githubvisualstudio\windcode\01-errorshow\debug\01-errorshow.tlog\link.command.1.tlog
c:\users\yochung\documents\githubvisualstudio\windcode\01-errorshow\debug\01-errorshow.tlog\link.read.1.tlog
c:\users\yochung\documents\githubvisualstudio\windcode\01-errorshow\debug\01-errorshow.tlog\link.write.1.tlog
c:\users\yochung\documents\githubvisualstudio\windcode\01-errorshow\debug\01-errorshow.tlog\rc.command.1.tlog
c:\users\yochung\documents\githubvisualstudio\windcode\01-errorshow\debug\01-errorshow.tlog\rc.read.1.tlog
c:\users\yochung\documents\githubvisualstudio\windcode\01-errorshow\debug\01-errorshow.tlog\rc.write.1.tlog
