c:\users\yochung\desktop\windows-via-cplusplus-code\20-delayloadapp\debug\vc140.pdb
c:\users\yochung\desktop\windows-via-cplusplus-code\20-delayloadapp\debug\vc140.idb
c:\users\yochung\desktop\windows-via-cplusplus-code\20-delayloadapp\debug\delayloadapp.obj
c:\users\yochung\desktop\windows-via-cplusplus-code\debug\20-delayloadapp.ilk
c:\users\yochung\desktop\windows-via-cplusplus-code\debug\20-delayloadapp.exe
c:\users\yochung\desktop\windows-via-cplusplus-code\debug\20-delayloadapp.pdb
c:\users\yochung\desktop\windows-via-cplusplus-code\20-delayloadapp\debug\delayloadapp.res
c:\users\yochung\documents\githubvisualstudio\windcode\20-delayloadapp\debug\delayloadapp.obj
c:\users\yochung\documents\githubvisualstudio\windcode\20-delayloadapp\debug\delayloadapp.res
c:\users\yochung\documents\githubvisualstudio\windcode\20-delayloadapp\debug\vc140.idb
c:\users\yochung\documents\githubvisualstudio\windcode\20-delayloadapp\debug\vc140.pdb
c:\users\yochung\documents\githubvisualstudio\windcode\debug\20-delayloadapp.pdb
c:\users\yochung\documents\githubvisualstudio\windcode\debug\20-delayloadapp.exe
c:\users\yochung\documents\githubvisualstudio\windcode\debug\20-delayloadapp.ilk
c:\users\yochung\documents\githubvisualstudio\windcode\20-delayloadapp\debug\20-delayloadapp.tlog\cl.command.1.tlog
c:\users\yochung\documents\githubvisualstudio\windcode\20-delayloadapp\debug\20-delayloadapp.tlog\cl.read.1.tlog
c:\users\yochung\documents\githubvisualstudio\windcode\20-delayloadapp\debug\20-delayloadapp.tlog\cl.write.1.tlog
c:\users\yochung\documents\githubvisualstudio\windcode\20-delayloadapp\debug\20-delayloadapp.tlog\link.command.1.tlog
c:\users\yochung\documents\githubvisualstudio\windcode\20-delayloadapp\debug\20-delayloadapp.tlog\link.read.1.tlog
c:\users\yochung\documents\githubvisualstudio\windcode\20-delayloadapp\debug\20-delayloadapp.tlog\link.write.1.tlog
c:\users\yochung\documents\githubvisualstudio\windcode\20-delayloadapp\debug\20-delayloadapp.tlog\rc.command.1.tlog
c:\users\yochung\documents\githubvisualstudio\windcode\20-delayloadapp\debug\20-delayloadapp.tlog\rc.read.1.tlog
c:\users\yochung\documents\githubvisualstudio\windcode\20-delayloadapp\debug\20-delayloadapp.tlog\rc.write.1.tlog
