c:\users\yochung\desktop\windows-via-cplusplus-code\10-filecopy\debug\vc140.pdb
c:\users\yochung\desktop\windows-via-cplusplus-code\10-filecopy\debug\vc140.idb
c:\users\yochung\desktop\windows-via-cplusplus-code\10-filecopy\debug\filecopy.obj
c:\users\yochung\desktop\windows-via-cplusplus-code\debug\10-filecopy.ilk
c:\users\yochung\desktop\windows-via-cplusplus-code\debug\10-filecopy.exe
c:\users\yochung\desktop\windows-via-cplusplus-code\debug\10-filecopy.pdb
c:\users\yochung\desktop\windows-via-cplusplus-code\10-filecopy\debug\filecopy.res
c:\users\yochung\documents\githubvisualstudio\windcode\10-filecopy\debug\filecopy.obj
c:\users\yochung\documents\githubvisualstudio\windcode\10-filecopy\debug\filecopy.res
c:\users\yochung\documents\githubvisualstudio\windcode\10-filecopy\debug\vc140.idb
c:\users\yochung\documents\githubvisualstudio\windcode\10-filecopy\debug\vc140.pdb
c:\users\yochung\documents\githubvisualstudio\windcode\debug\10-filecopy.pdb
c:\users\yochung\documents\githubvisualstudio\windcode\debug\10-filecopy.exe
c:\users\yochung\documents\githubvisualstudio\windcode\debug\10-filecopy.ilk
c:\users\yochung\documents\githubvisualstudio\windcode\10-filecopy\debug\10-filecopy.tlog\cl.command.1.tlog
c:\users\yochung\documents\githubvisualstudio\windcode\10-filecopy\debug\10-filecopy.tlog\cl.read.1.tlog
c:\users\yochung\documents\githubvisualstudio\windcode\10-filecopy\debug\10-filecopy.tlog\cl.write.1.tlog
c:\users\yochung\documents\githubvisualstudio\windcode\10-filecopy\debug\10-filecopy.tlog\link.command.1.tlog
c:\users\yochung\documents\githubvisualstudio\windcode\10-filecopy\debug\10-filecopy.tlog\link.read.1.tlog
c:\users\yochung\documents\githubvisualstudio\windcode\10-filecopy\debug\10-filecopy.tlog\link.write.1.tlog
c:\users\yochung\documents\githubvisualstudio\windcode\10-filecopy\debug\10-filecopy.tlog\rc.command.1.tlog
c:\users\yochung\documents\githubvisualstudio\windcode\10-filecopy\debug\10-filecopy.tlog\rc.read.1.tlog
c:\users\yochung\documents\githubvisualstudio\windcode\10-filecopy\debug\10-filecopy.tlog\rc.write.1.tlog
