c:\users\yochung\desktop\windows-via-cplusplus-code\09-queue\debug\vc140.pdb
c:\users\yochung\desktop\windows-via-cplusplus-code\09-queue\debug\vc140.idb
c:\users\yochung\desktop\windows-via-cplusplus-code\09-queue\debug\queue.obj
c:\users\yochung\desktop\windows-via-cplusplus-code\debug\09-queue.ilk
c:\users\yochung\desktop\windows-via-cplusplus-code\debug\09-queue.exe
c:\users\yochung\desktop\windows-via-cplusplus-code\debug\09-queue.pdb
c:\users\yochung\desktop\windows-via-cplusplus-code\09-queue\debug\queue.res
c:\users\yochung\documents\githubvisualstudio\windcode\09-queue\debug\queue.obj
c:\users\yochung\documents\githubvisualstudio\windcode\09-queue\debug\queue.res
c:\users\yochung\documents\githubvisualstudio\windcode\09-queue\debug\vc140.idb
c:\users\yochung\documents\githubvisualstudio\windcode\09-queue\debug\vc140.pdb
c:\users\yochung\documents\githubvisualstudio\windcode\debug\09-queue.pdb
c:\users\yochung\documents\githubvisualstudio\windcode\debug\09-queue.exe
c:\users\yochung\documents\githubvisualstudio\windcode\debug\09-queue.ilk
c:\users\yochung\documents\githubvisualstudio\windcode\09-queue\debug\09-queue.tlog\cl.command.1.tlog
c:\users\yochung\documents\githubvisualstudio\windcode\09-queue\debug\09-queue.tlog\cl.read.1.tlog
c:\users\yochung\documents\githubvisualstudio\windcode\09-queue\debug\09-queue.tlog\cl.write.1.tlog
c:\users\yochung\documents\githubvisualstudio\windcode\09-queue\debug\09-queue.tlog\link.command.1.tlog
c:\users\yochung\documents\githubvisualstudio\windcode\09-queue\debug\09-queue.tlog\link.read.1.tlog
c:\users\yochung\documents\githubvisualstudio\windcode\09-queue\debug\09-queue.tlog\link.write.1.tlog
c:\users\yochung\documents\githubvisualstudio\windcode\09-queue\debug\09-queue.tlog\rc.command.1.tlog
c:\users\yochung\documents\githubvisualstudio\windcode\09-queue\debug\09-queue.tlog\rc.read.1.tlog
c:\users\yochung\documents\githubvisualstudio\windcode\09-queue\debug\09-queue.tlog\rc.write.1.tlog
