c:\users\yochung\desktop\windows-via-cplusplus-code\11-batch\debug\vc140.pdb
c:\users\yochung\desktop\windows-via-cplusplus-code\11-batch\debug\vc140.idb
c:\users\yochung\desktop\windows-via-cplusplus-code\11-batch\debug\batch.obj
c:\users\yochung\desktop\windows-via-cplusplus-code\debug\11-batch.ilk
c:\users\yochung\desktop\windows-via-cplusplus-code\debug\11-batch.exe
c:\users\yochung\desktop\windows-via-cplusplus-code\debug\11-batch.pdb
c:\users\yochung\desktop\windows-via-cplusplus-code\11-batch\debug\batch.res
c:\users\yochung\documents\githubvisualstudio\windcode\11-batch\debug\batch.obj
c:\users\yochung\documents\githubvisualstudio\windcode\11-batch\debug\batch.res
c:\users\yochung\documents\githubvisualstudio\windcode\11-batch\debug\vc140.idb
c:\users\yochung\documents\githubvisualstudio\windcode\11-batch\debug\vc140.pdb
c:\users\yochung\documents\githubvisualstudio\windcode\debug\11-batch.pdb
c:\users\yochung\documents\githubvisualstudio\windcode\debug\11-batch.exe
c:\users\yochung\documents\githubvisualstudio\windcode\debug\11-batch.ilk
c:\users\yochung\documents\githubvisualstudio\windcode\11-batch\debug\11-batch.tlog\cl.command.1.tlog
c:\users\yochung\documents\githubvisualstudio\windcode\11-batch\debug\11-batch.tlog\cl.read.1.tlog
c:\users\yochung\documents\githubvisualstudio\windcode\11-batch\debug\11-batch.tlog\cl.write.1.tlog
c:\users\yochung\documents\githubvisualstudio\windcode\11-batch\debug\11-batch.tlog\link.command.1.tlog
c:\users\yochung\documents\githubvisualstudio\windcode\11-batch\debug\11-batch.tlog\link.read.1.tlog
c:\users\yochung\documents\githubvisualstudio\windcode\11-batch\debug\11-batch.tlog\link.write.1.tlog
c:\users\yochung\documents\githubvisualstudio\windcode\11-batch\debug\11-batch.tlog\rc.command.1.tlog
c:\users\yochung\documents\githubvisualstudio\windcode\11-batch\debug\11-batch.tlog\rc.read.1.tlog
c:\users\yochung\documents\githubvisualstudio\windcode\11-batch\debug\11-batch.tlog\rc.write.1.tlog
