c:\users\yochung\desktop\windows-via-cplusplus-code\23-sehterm\debug\vc140.pdb
c:\users\yochung\desktop\windows-via-cplusplus-code\23-sehterm\debug\vc140.idb
c:\users\yochung\desktop\windows-via-cplusplus-code\23-sehterm\debug\sehterm.obj
c:\users\yochung\desktop\windows-via-cplusplus-code\debug\23-sehterm.ilk
c:\users\yochung\desktop\windows-via-cplusplus-code\debug\23-sehterm.exe
c:\users\yochung\desktop\windows-via-cplusplus-code\debug\23-sehterm.pdb
c:\users\yochung\desktop\windows-via-cplusplus-code\23-sehterm\debug\sehterm.res
c:\users\yochung\documents\githubvisualstudio\windcode\23-sehterm\debug\sehterm.obj
c:\users\yochung\documents\githubvisualstudio\windcode\23-sehterm\debug\sehterm.res
c:\users\yochung\documents\githubvisualstudio\windcode\23-sehterm\debug\vc140.idb
c:\users\yochung\documents\githubvisualstudio\windcode\23-sehterm\debug\vc140.pdb
c:\users\yochung\documents\githubvisualstudio\windcode\debug\23-sehterm.pdb
c:\users\yochung\documents\githubvisualstudio\windcode\debug\23-sehterm.exe
c:\users\yochung\documents\githubvisualstudio\windcode\debug\23-sehterm.ilk
c:\users\yochung\documents\githubvisualstudio\windcode\23-sehterm\debug\23-sehterm.tlog\cl.command.1.tlog
c:\users\yochung\documents\githubvisualstudio\windcode\23-sehterm\debug\23-sehterm.tlog\cl.read.1.tlog
c:\users\yochung\documents\githubvisualstudio\windcode\23-sehterm\debug\23-sehterm.tlog\cl.write.1.tlog
c:\users\yochung\documents\githubvisualstudio\windcode\23-sehterm\debug\23-sehterm.tlog\link.command.1.tlog
c:\users\yochung\documents\githubvisualstudio\windcode\23-sehterm\debug\23-sehterm.tlog\link.read.1.tlog
c:\users\yochung\documents\githubvisualstudio\windcode\23-sehterm\debug\23-sehterm.tlog\link.write.1.tlog
c:\users\yochung\documents\githubvisualstudio\windcode\23-sehterm\debug\23-sehterm.tlog\rc.command.1.tlog
c:\users\yochung\documents\githubvisualstudio\windcode\23-sehterm\debug\23-sehterm.tlog\rc.read.1.tlog
c:\users\yochung\documents\githubvisualstudio\windcode\23-sehterm\debug\23-sehterm.tlog\rc.write.1.tlog
