c:\users\yochung\desktop\windows-via-cplusplus-code\09-lockcop\debug\vc140.pdb
c:\users\yochung\desktop\windows-via-cplusplus-code\09-lockcop\debug\vc140.idb
c:\users\yochung\desktop\windows-via-cplusplus-code\09-lockcop\debug\lockcop.obj
c:\users\yochung\desktop\windows-via-cplusplus-code\debug\09-lockcop.ilk
c:\users\yochung\desktop\windows-via-cplusplus-code\debug\09-lockcop.exe
c:\users\yochung\desktop\windows-via-cplusplus-code\debug\09-lockcop.pdb
c:\users\yochung\desktop\windows-via-cplusplus-code\09-lockcop\debug\lockcop.res
c:\users\yochung\documents\githubvisualstudio\windcode\09-lockcop\debug\lockcop.obj
c:\users\yochung\documents\githubvisualstudio\windcode\09-lockcop\debug\lockcop.res
c:\users\yochung\documents\githubvisualstudio\windcode\09-lockcop\debug\vc140.idb
c:\users\yochung\documents\githubvisualstudio\windcode\09-lockcop\debug\vc140.pdb
c:\users\yochung\documents\githubvisualstudio\windcode\debug\09-lockcop.pdb
c:\users\yochung\documents\githubvisualstudio\windcode\debug\09-lockcop.exe
c:\users\yochung\documents\githubvisualstudio\windcode\debug\09-lockcop.ilk
c:\users\yochung\documents\githubvisualstudio\windcode\09-lockcop\debug\09-lockcop.tlog\cl.command.1.tlog
c:\users\yochung\documents\githubvisualstudio\windcode\09-lockcop\debug\09-lockcop.tlog\cl.read.1.tlog
c:\users\yochung\documents\githubvisualstudio\windcode\09-lockcop\debug\09-lockcop.tlog\cl.write.1.tlog
c:\users\yochung\documents\githubvisualstudio\windcode\09-lockcop\debug\09-lockcop.tlog\link.command.1.tlog
c:\users\yochung\documents\githubvisualstudio\windcode\09-lockcop\debug\09-lockcop.tlog\link.read.1.tlog
c:\users\yochung\documents\githubvisualstudio\windcode\09-lockcop\debug\09-lockcop.tlog\link.write.1.tlog
c:\users\yochung\documents\githubvisualstudio\windcode\09-lockcop\debug\09-lockcop.tlog\rc.command.1.tlog
c:\users\yochung\documents\githubvisualstudio\windcode\09-lockcop\debug\09-lockcop.tlog\rc.read.1.tlog
c:\users\yochung\documents\githubvisualstudio\windcode\09-lockcop\debug\09-lockcop.tlog\rc.write.1.tlog
