c:\users\yochung\desktop\windows-via-cplusplus-code\11-privatebatch\debug\vc140.pdb
c:\users\yochung\desktop\windows-via-cplusplus-code\11-privatebatch\debug\vc140.idb
c:\users\yochung\desktop\windows-via-cplusplus-code\11-privatebatch\debug\privatebatch.obj
c:\users\yochung\desktop\windows-via-cplusplus-code\debug\11-privatebatch.ilk
c:\users\yochung\desktop\windows-via-cplusplus-code\debug\11-privatebatch.exe
c:\users\yochung\desktop\windows-via-cplusplus-code\debug\11-privatebatch.pdb
c:\users\yochung\desktop\windows-via-cplusplus-code\11-privatebatch\debug\privatebatch.res
c:\users\yochung\documents\githubvisualstudio\windcode\11-privatebatch\debug\privatebatch.obj
c:\users\yochung\documents\githubvisualstudio\windcode\11-privatebatch\debug\privatebatch.res
c:\users\yochung\documents\githubvisualstudio\windcode\11-privatebatch\debug\vc140.idb
c:\users\yochung\documents\githubvisualstudio\windcode\11-privatebatch\debug\vc140.pdb
c:\users\yochung\documents\githubvisualstudio\windcode\debug\11-privatebatch.pdb
c:\users\yochung\documents\githubvisualstudio\windcode\debug\11-privatebatch.exe
c:\users\yochung\documents\githubvisualstudio\windcode\debug\11-privatebatch.ilk
c:\users\yochung\documents\githubvisualstudio\windcode\11-privatebatch\debug\11-privatebatch.tlog\cl.command.1.tlog
c:\users\yochung\documents\githubvisualstudio\windcode\11-privatebatch\debug\11-privatebatch.tlog\cl.read.1.tlog
c:\users\yochung\documents\githubvisualstudio\windcode\11-privatebatch\debug\11-privatebatch.tlog\cl.write.1.tlog
c:\users\yochung\documents\githubvisualstudio\windcode\11-privatebatch\debug\11-privatebatch.tlog\link.command.1.tlog
c:\users\yochung\documents\githubvisualstudio\windcode\11-privatebatch\debug\11-privatebatch.tlog\link.read.1.tlog
c:\users\yochung\documents\githubvisualstudio\windcode\11-privatebatch\debug\11-privatebatch.tlog\link.write.1.tlog
c:\users\yochung\documents\githubvisualstudio\windcode\11-privatebatch\debug\11-privatebatch.tlog\rc.command.1.tlog
c:\users\yochung\documents\githubvisualstudio\windcode\11-privatebatch\debug\11-privatebatch.tlog\rc.read.1.tlog
c:\users\yochung\documents\githubvisualstudio\windcode\11-privatebatch\debug\11-privatebatch.tlog\rc.write.1.tlog
