c:\users\yochung\desktop\windows-via-cplusplus-code\15-vmalloc\debug\vc140.pdb
c:\users\yochung\desktop\windows-via-cplusplus-code\15-vmalloc\debug\vc140.idb
c:\users\yochung\desktop\windows-via-cplusplus-code\15-vmalloc\debug\vmalloc.obj
c:\users\yochung\desktop\windows-via-cplusplus-code\debug\15-vmalloc.ilk
c:\users\yochung\desktop\windows-via-cplusplus-code\debug\15-vmalloc.exe
c:\users\yochung\desktop\windows-via-cplusplus-code\debug\15-vmalloc.pdb
c:\users\yochung\desktop\windows-via-cplusplus-code\15-vmalloc\debug\vmalloc.res
c:\users\yochung\documents\githubvisualstudio\windcode\15-vmalloc\debug\vmalloc.obj
c:\users\yochung\documents\githubvisualstudio\windcode\15-vmalloc\debug\vmalloc.res
c:\users\yochung\documents\githubvisualstudio\windcode\15-vmalloc\debug\vc140.idb
c:\users\yochung\documents\githubvisualstudio\windcode\15-vmalloc\debug\vc140.pdb
c:\users\yochung\documents\githubvisualstudio\windcode\debug\15-vmalloc.pdb
c:\users\yochung\documents\githubvisualstudio\windcode\debug\15-vmalloc.exe
c:\users\yochung\documents\githubvisualstudio\windcode\debug\15-vmalloc.ilk
c:\users\yochung\documents\githubvisualstudio\windcode\15-vmalloc\debug\15-vmalloc.tlog\cl.command.1.tlog
c:\users\yochung\documents\githubvisualstudio\windcode\15-vmalloc\debug\15-vmalloc.tlog\cl.read.1.tlog
c:\users\yochung\documents\githubvisualstudio\windcode\15-vmalloc\debug\15-vmalloc.tlog\cl.write.1.tlog
c:\users\yochung\documents\githubvisualstudio\windcode\15-vmalloc\debug\15-vmalloc.tlog\link.command.1.tlog
c:\users\yochung\documents\githubvisualstudio\windcode\15-vmalloc\debug\15-vmalloc.tlog\link.read.1.tlog
c:\users\yochung\documents\githubvisualstudio\windcode\15-vmalloc\debug\15-vmalloc.tlog\link.write.1.tlog
c:\users\yochung\documents\githubvisualstudio\windcode\15-vmalloc\debug\15-vmalloc.tlog\rc.command.1.tlog
c:\users\yochung\documents\githubvisualstudio\windcode\15-vmalloc\debug\15-vmalloc.tlog\rc.read.1.tlog
c:\users\yochung\documents\githubvisualstudio\windcode\15-vmalloc\debug\15-vmalloc.tlog\rc.write.1.tlog
