c:\users\yochung\desktop\windows-via-cplusplus-code\14-vmmap\debug\vc140.pdb
c:\users\yochung\desktop\windows-via-cplusplus-code\14-vmmap\debug\vc140.idb
c:\users\yochung\desktop\windows-via-cplusplus-code\14-vmmap\debug\vmmap.obj
c:\users\yochung\desktop\windows-via-cplusplus-code\14-vmmap\debug\vmquery.obj
c:\users\yochung\desktop\windows-via-cplusplus-code\debug\14-vmmap.ilk
c:\users\yochung\desktop\windows-via-cplusplus-code\debug\14-vmmap.exe
c:\users\yochung\desktop\windows-via-cplusplus-code\debug\14-vmmap.pdb
c:\users\yochung\desktop\windows-via-cplusplus-code\14-vmmap\debug\vmmap.res
c:\users\yochung\documents\githubvisualstudio\windcode\14-vmmap\debug\vmmap.obj
c:\users\yochung\documents\githubvisualstudio\windcode\14-vmmap\debug\vmquery.obj
c:\users\yochung\documents\githubvisualstudio\windcode\14-vmmap\debug\vmmap.res
c:\users\yochung\documents\githubvisualstudio\windcode\14-vmmap\debug\vc140.idb
c:\users\yochung\documents\githubvisualstudio\windcode\14-vmmap\debug\vc140.pdb
c:\users\yochung\documents\githubvisualstudio\windcode\debug\14-vmmap.pdb
c:\users\yochung\documents\githubvisualstudio\windcode\debug\14-vmmap.exe
c:\users\yochung\documents\githubvisualstudio\windcode\debug\14-vmmap.ilk
c:\users\yochung\documents\githubvisualstudio\windcode\14-vmmap\debug\14-vmmap.tlog\cl.command.1.tlog
c:\users\yochung\documents\githubvisualstudio\windcode\14-vmmap\debug\14-vmmap.tlog\cl.read.1.tlog
c:\users\yochung\documents\githubvisualstudio\windcode\14-vmmap\debug\14-vmmap.tlog\cl.write.1.tlog
c:\users\yochung\documents\githubvisualstudio\windcode\14-vmmap\debug\14-vmmap.tlog\link.command.1.tlog
c:\users\yochung\documents\githubvisualstudio\windcode\14-vmmap\debug\14-vmmap.tlog\link.read.1.tlog
c:\users\yochung\documents\githubvisualstudio\windcode\14-vmmap\debug\14-vmmap.tlog\link.write.1.tlog
c:\users\yochung\documents\githubvisualstudio\windcode\14-vmmap\debug\14-vmmap.tlog\rc.command.1.tlog
c:\users\yochung\documents\githubvisualstudio\windcode\14-vmmap\debug\14-vmmap.tlog\rc.read.1.tlog
c:\users\yochung\documents\githubvisualstudio\windcode\14-vmmap\debug\14-vmmap.tlog\rc.write.1.tlog
