c:\users\yochung\desktop\windows-via-cplusplus-code\22-injlib\debug\vc140.pdb
c:\users\yochung\desktop\windows-via-cplusplus-code\22-injlib\debug\vc140.idb
c:\users\yochung\desktop\windows-via-cplusplus-code\22-injlib\debug\injlib.obj
c:\users\yochung\desktop\windows-via-cplusplus-code\debug\22-injlib.ilk
c:\users\yochung\desktop\windows-via-cplusplus-code\debug\22-injlib.dll
c:\users\yochung\desktop\windows-via-cplusplus-code\debug\22-injlib.pdb
c:\users\yochung\desktop\windows-via-cplusplus-code\22-injlib\debug\injlib.res
c:\users\yochung\documents\githubvisualstudio\windcode\22-injlib\debug\injlib.obj
c:\users\yochung\documents\githubvisualstudio\windcode\22-injlib\debug\injlib.res
c:\users\yochung\documents\githubvisualstudio\windcode\22-injlib\debug\vc140.idb
c:\users\yochung\documents\githubvisualstudio\windcode\22-injlib\debug\vc140.pdb
c:\users\yochung\documents\githubvisualstudio\windcode\debug\22-injlib.pdb
c:\users\yochung\documents\githubvisualstudio\windcode\debug\22-injlib.dll
c:\users\yochung\documents\githubvisualstudio\windcode\debug\22-injlib.ilk
c:\users\yochung\documents\githubvisualstudio\windcode\22-injlib\debug\22-injlib.tlog\cl.command.1.tlog
c:\users\yochung\documents\githubvisualstudio\windcode\22-injlib\debug\22-injlib.tlog\cl.read.1.tlog
c:\users\yochung\documents\githubvisualstudio\windcode\22-injlib\debug\22-injlib.tlog\cl.write.1.tlog
c:\users\yochung\documents\githubvisualstudio\windcode\22-injlib\debug\22-injlib.tlog\link.command.1.tlog
c:\users\yochung\documents\githubvisualstudio\windcode\22-injlib\debug\22-injlib.tlog\link.read.1.tlog
c:\users\yochung\documents\githubvisualstudio\windcode\22-injlib\debug\22-injlib.tlog\link.write.1.tlog
c:\users\yochung\documents\githubvisualstudio\windcode\22-injlib\debug\22-injlib.tlog\rc.command.1.tlog
c:\users\yochung\documents\githubvisualstudio\windcode\22-injlib\debug\22-injlib.tlog\rc.read.1.tlog
c:\users\yochung\documents\githubvisualstudio\windcode\22-injlib\debug\22-injlib.tlog\rc.write.1.tlog
