c:\users\yochung\desktop\windows-via-cplusplus-code\15-awe\debug\vc140.pdb
c:\users\yochung\desktop\windows-via-cplusplus-code\15-awe\debug\vc140.idb
c:\users\yochung\desktop\windows-via-cplusplus-code\15-awe\debug\awe.obj
c:\users\yochung\desktop\windows-via-cplusplus-code\debug\15-awe.ilk
c:\users\yochung\desktop\windows-via-cplusplus-code\debug\15-awe.exe
c:\users\yochung\desktop\windows-via-cplusplus-code\debug\15-awe.pdb
c:\users\yochung\desktop\windows-via-cplusplus-code\15-awe\debug\awe.res
c:\users\yochung\documents\githubvisualstudio\windcode\15-awe\debug\awe.obj
c:\users\yochung\documents\githubvisualstudio\windcode\15-awe\debug\awe.res
c:\users\yochung\documents\githubvisualstudio\windcode\15-awe\debug\vc140.idb
c:\users\yochung\documents\githubvisualstudio\windcode\15-awe\debug\vc140.pdb
c:\users\yochung\documents\githubvisualstudio\windcode\debug\15-awe.pdb
c:\users\yochung\documents\githubvisualstudio\windcode\debug\15-awe.exe
c:\users\yochung\documents\githubvisualstudio\windcode\debug\15-awe.ilk
c:\users\yochung\documents\githubvisualstudio\windcode\15-awe\debug\15-awe.tlog\cl.command.1.tlog
c:\users\yochung\documents\githubvisualstudio\windcode\15-awe\debug\15-awe.tlog\cl.read.1.tlog
c:\users\yochung\documents\githubvisualstudio\windcode\15-awe\debug\15-awe.tlog\cl.write.1.tlog
c:\users\yochung\documents\githubvisualstudio\windcode\15-awe\debug\15-awe.tlog\link.command.1.tlog
c:\users\yochung\documents\githubvisualstudio\windcode\15-awe\debug\15-awe.tlog\link.read.1.tlog
c:\users\yochung\documents\githubvisualstudio\windcode\15-awe\debug\15-awe.tlog\link.write.1.tlog
c:\users\yochung\documents\githubvisualstudio\windcode\15-awe\debug\15-awe.tlog\rc.command.1.tlog
c:\users\yochung\documents\githubvisualstudio\windcode\15-awe\debug\15-awe.tlog\rc.read.1.tlog
c:\users\yochung\documents\githubvisualstudio\windcode\15-awe\debug\15-awe.tlog\rc.write.1.tlog
