c:\users\yochung\desktop\windows-via-cplusplus-code\debug\22-dipslib.lib
c:\users\yochung\desktop\windows-via-cplusplus-code\debug\22-dipslib.exp
c:\users\yochung\desktop\windows-via-cplusplus-code\22-dipslib\debug\vc140.pdb
c:\users\yochung\desktop\windows-via-cplusplus-code\22-dipslib\debug\vc140.idb
c:\users\yochung\desktop\windows-via-cplusplus-code\22-dipslib\debug\dipslib.obj
c:\users\yochung\desktop\windows-via-cplusplus-code\debug\22-dipslib.ilk
c:\users\yochung\desktop\windows-via-cplusplus-code\debug\22-dipslib.dll
c:\users\yochung\desktop\windows-via-cplusplus-code\debug\22-dipslib.pdb
c:\users\yochung\desktop\windows-via-cplusplus-code\22-dipslib\debug\dipslib.res
c:\users\yochung\documents\githubvisualstudio\windcode\22-dipslib\debug\dipslib.obj
c:\users\yochung\documents\githubvisualstudio\windcode\22-dipslib\debug\dipslib.res
c:\users\yochung\documents\githubvisualstudio\windcode\22-dipslib\debug\vc140.idb
c:\users\yochung\documents\githubvisualstudio\windcode\22-dipslib\debug\vc140.pdb
c:\users\yochung\documents\githubvisualstudio\windcode\debug\22-dipslib.pdb
c:\users\yochung\documents\githubvisualstudio\windcode\debug\22-dipslib.dll
c:\users\yochung\documents\githubvisualstudio\windcode\debug\22-dipslib.ilk
c:\users\yochung\documents\githubvisualstudio\windcode\22-dipslib\debug\22-dipslib.tlog\22-dipslib.write.1u.tlog
c:\users\yochung\documents\githubvisualstudio\windcode\22-dipslib\debug\22-dipslib.tlog\cl.command.1.tlog
c:\users\yochung\documents\githubvisualstudio\windcode\22-dipslib\debug\22-dipslib.tlog\cl.read.1.tlog
c:\users\yochung\documents\githubvisualstudio\windcode\22-dipslib\debug\22-dipslib.tlog\cl.write.1.tlog
c:\users\yochung\documents\githubvisualstudio\windcode\22-dipslib\debug\22-dipslib.tlog\link.command.1.tlog
c:\users\yochung\documents\githubvisualstudio\windcode\22-dipslib\debug\22-dipslib.tlog\link.read.1.tlog
c:\users\yochung\documents\githubvisualstudio\windcode\22-dipslib\debug\22-dipslib.tlog\link.write.1.tlog
c:\users\yochung\documents\githubvisualstudio\windcode\22-dipslib\debug\22-dipslib.tlog\rc.command.1.tlog
c:\users\yochung\documents\githubvisualstudio\windcode\22-dipslib\debug\22-dipslib.tlog\rc.read.1.tlog
c:\users\yochung\documents\githubvisualstudio\windcode\22-dipslib\debug\22-dipslib.tlog\rc.write.1.tlog
