c:\users\yochung\desktop\windows-via-cplusplus-code\07-schedlab\debug\vc140.pdb
c:\users\yochung\desktop\windows-via-cplusplus-code\07-schedlab\debug\vc140.idb
c:\users\yochung\desktop\windows-via-cplusplus-code\07-schedlab\debug\schedlab.obj
c:\users\yochung\desktop\windows-via-cplusplus-code\debug\07-schedlab.ilk
c:\users\yochung\desktop\windows-via-cplusplus-code\debug\07-schedlab.exe
c:\users\yochung\desktop\windows-via-cplusplus-code\debug\07-schedlab.pdb
c:\users\yochung\desktop\windows-via-cplusplus-code\07-schedlab\debug\schedlab.res
c:\users\yochung\documents\githubvisualstudio\windcode\07-schedlab\debug\schedlab.obj
c:\users\yochung\documents\githubvisualstudio\windcode\07-schedlab\debug\schedlab.res
c:\users\yochung\documents\githubvisualstudio\windcode\07-schedlab\debug\vc140.idb
c:\users\yochung\documents\githubvisualstudio\windcode\07-schedlab\debug\vc140.pdb
c:\users\yochung\documents\githubvisualstudio\windcode\debug\07-schedlab.pdb
c:\users\yochung\documents\githubvisualstudio\windcode\debug\07-schedlab.exe
c:\users\yochung\documents\githubvisualstudio\windcode\debug\07-schedlab.ilk
c:\users\yochung\documents\githubvisualstudio\windcode\07-schedlab\debug\07-schedlab.tlog\cl.command.1.tlog
c:\users\yochung\documents\githubvisualstudio\windcode\07-schedlab\debug\07-schedlab.tlog\cl.read.1.tlog
c:\users\yochung\documents\githubvisualstudio\windcode\07-schedlab\debug\07-schedlab.tlog\cl.write.1.tlog
c:\users\yochung\documents\githubvisualstudio\windcode\07-schedlab\debug\07-schedlab.tlog\link.command.1.tlog
c:\users\yochung\documents\githubvisualstudio\windcode\07-schedlab\debug\07-schedlab.tlog\link.read.1.tlog
c:\users\yochung\documents\githubvisualstudio\windcode\07-schedlab\debug\07-schedlab.tlog\link.write.1.tlog
c:\users\yochung\documents\githubvisualstudio\windcode\07-schedlab\debug\07-schedlab.tlog\rc.command.1.tlog
c:\users\yochung\documents\githubvisualstudio\windcode\07-schedlab\debug\07-schedlab.tlog\rc.read.1.tlog
c:\users\yochung\documents\githubvisualstudio\windcode\07-schedlab\debug\07-schedlab.tlog\rc.write.1.tlog
