c:\users\yochung\desktop\windows-via-cplusplus-code\12-counter\debug\vc140.pdb
c:\users\yochung\desktop\windows-via-cplusplus-code\12-counter\debug\vc140.idb
c:\users\yochung\desktop\windows-via-cplusplus-code\12-counter\debug\counter.obj
c:\users\yochung\desktop\windows-via-cplusplus-code\debug\12-counter.ilk
c:\users\yochung\desktop\windows-via-cplusplus-code\debug\12-counter.exe
c:\users\yochung\desktop\windows-via-cplusplus-code\debug\12-counter.pdb
c:\users\yochung\desktop\windows-via-cplusplus-code\12-counter\debug\counter.res
c:\users\yochung\documents\githubvisualstudio\windcode\12-counter\debug\counter.obj
c:\users\yochung\documents\githubvisualstudio\windcode\12-counter\debug\counter.res
c:\users\yochung\documents\githubvisualstudio\windcode\12-counter\debug\vc140.idb
c:\users\yochung\documents\githubvisualstudio\windcode\12-counter\debug\vc140.pdb
c:\users\yochung\documents\githubvisualstudio\windcode\debug\12-counter.pdb
c:\users\yochung\documents\githubvisualstudio\windcode\debug\12-counter.exe
c:\users\yochung\documents\githubvisualstudio\windcode\debug\12-counter.ilk
c:\users\yochung\documents\githubvisualstudio\windcode\12-counter\debug\12-counter.tlog\cl.command.1.tlog
c:\users\yochung\documents\githubvisualstudio\windcode\12-counter\debug\12-counter.tlog\cl.read.1.tlog
c:\users\yochung\documents\githubvisualstudio\windcode\12-counter\debug\12-counter.tlog\cl.write.1.tlog
c:\users\yochung\documents\githubvisualstudio\windcode\12-counter\debug\12-counter.tlog\link.command.1.tlog
c:\users\yochung\documents\githubvisualstudio\windcode\12-counter\debug\12-counter.tlog\link.read.1.tlog
c:\users\yochung\documents\githubvisualstudio\windcode\12-counter\debug\12-counter.tlog\link.write.1.tlog
c:\users\yochung\documents\githubvisualstudio\windcode\12-counter\debug\12-counter.tlog\rc.command.1.tlog
c:\users\yochung\documents\githubvisualstudio\windcode\12-counter\debug\12-counter.tlog\rc.read.1.tlog
c:\users\yochung\documents\githubvisualstudio\windcode\12-counter\debug\12-counter.tlog\rc.write.1.tlog
