c:\users\yochung\desktop\windows-via-cplusplus-code\debug\20-delayloadlib.lib
c:\users\yochung\desktop\windows-via-cplusplus-code\debug\20-delayloadlib.exp
c:\users\yochung\desktop\windows-via-cplusplus-code\20-delayloadlib\debug\vc140.pdb
c:\users\yochung\desktop\windows-via-cplusplus-code\20-delayloadlib\debug\vc140.idb
c:\users\yochung\desktop\windows-via-cplusplus-code\20-delayloadlib\debug\delayloadlib.obj
c:\users\yochung\desktop\windows-via-cplusplus-code\debug\20-delayloadlib.ilk
c:\users\yochung\desktop\windows-via-cplusplus-code\debug\20-delayloadlib.dll
c:\users\yochung\desktop\windows-via-cplusplus-code\debug\20-delayloadlib.pdb
c:\users\yochung\documents\githubvisualstudio\windcode\20-delayloadlib\debug\delayloadlib.obj
c:\users\yochung\documents\githubvisualstudio\windcode\20-delayloadlib\debug\vc140.idb
c:\users\yochung\documents\githubvisualstudio\windcode\20-delayloadlib\debug\vc140.pdb
c:\users\yochung\documents\githubvisualstudio\windcode\debug\20-delayloadlib.pdb
c:\users\yochung\documents\githubvisualstudio\windcode\debug\20-delayloadlib.dll
c:\users\yochung\documents\githubvisualstudio\windcode\debug\20-delayloadlib.ilk
c:\users\yochung\documents\githubvisualstudio\windcode\20-delayloadlib\debug\20-delayloadlib.tlog\20-delayloadlib.write.1u.tlog
c:\users\yochung\documents\githubvisualstudio\windcode\20-delayloadlib\debug\20-delayloadlib.tlog\cl.command.1.tlog
c:\users\yochung\documents\githubvisualstudio\windcode\20-delayloadlib\debug\20-delayloadlib.tlog\cl.read.1.tlog
c:\users\yochung\documents\githubvisualstudio\windcode\20-delayloadlib\debug\20-delayloadlib.tlog\cl.write.1.tlog
c:\users\yochung\documents\githubvisualstudio\windcode\20-delayloadlib\debug\20-delayloadlib.tlog\link.command.1.tlog
c:\users\yochung\documents\githubvisualstudio\windcode\20-delayloadlib\debug\20-delayloadlib.tlog\link.read.1.tlog
c:\users\yochung\documents\githubvisualstudio\windcode\20-delayloadlib\debug\20-delayloadlib.tlog\link.write.1.tlog
