c:\users\yochung\desktop\windows-via-cplusplus-code\17-filerev\debug\vc140.pdb
c:\users\yochung\desktop\windows-via-cplusplus-code\17-filerev\debug\vc140.idb
c:\users\yochung\desktop\windows-via-cplusplus-code\17-filerev\debug\filerev.obj
c:\users\yochung\desktop\windows-via-cplusplus-code\debug\17-filerev.ilk
c:\users\yochung\desktop\windows-via-cplusplus-code\debug\17-filerev.exe
c:\users\yochung\desktop\windows-via-cplusplus-code\debug\17-filerev.pdb
c:\users\yochung\desktop\windows-via-cplusplus-code\17-filerev\debug\filerev.res
c:\users\yochung\documents\githubvisualstudio\windcode\17-filerev\debug\filerev.obj
c:\users\yochung\documents\githubvisualstudio\windcode\17-filerev\debug\filerev.res
c:\users\yochung\documents\githubvisualstudio\windcode\17-filerev\debug\vc140.idb
c:\users\yochung\documents\githubvisualstudio\windcode\17-filerev\debug\vc140.pdb
c:\users\yochung\documents\githubvisualstudio\windcode\debug\17-filerev.pdb
c:\users\yochung\documents\githubvisualstudio\windcode\debug\17-filerev.exe
c:\users\yochung\documents\githubvisualstudio\windcode\debug\17-filerev.ilk
c:\users\yochung\documents\githubvisualstudio\windcode\17-filerev\debug\17-filerev.tlog\cl.command.1.tlog
c:\users\yochung\documents\githubvisualstudio\windcode\17-filerev\debug\17-filerev.tlog\cl.read.1.tlog
c:\users\yochung\documents\githubvisualstudio\windcode\17-filerev\debug\17-filerev.tlog\cl.write.1.tlog
c:\users\yochung\documents\githubvisualstudio\windcode\17-filerev\debug\17-filerev.tlog\link.command.1.tlog
c:\users\yochung\documents\githubvisualstudio\windcode\17-filerev\debug\17-filerev.tlog\link.read.1.tlog
c:\users\yochung\documents\githubvisualstudio\windcode\17-filerev\debug\17-filerev.tlog\link.write.1.tlog
c:\users\yochung\documents\githubvisualstudio\windcode\17-filerev\debug\17-filerev.tlog\rc.command.1.tlog
c:\users\yochung\documents\githubvisualstudio\windcode\17-filerev\debug\17-filerev.tlog\rc.read.1.tlog
c:\users\yochung\documents\githubvisualstudio\windcode\17-filerev\debug\17-filerev.tlog\rc.write.1.tlog
