c:\users\yochung\desktop\windows-via-cplusplus-code\04-processinfo\debug\vc140.pdb
c:\users\yochung\desktop\windows-via-cplusplus-code\04-processinfo\debug\vc140.idb
c:\users\yochung\desktop\windows-via-cplusplus-code\04-processinfo\debug\processinfo.obj
c:\users\yochung\desktop\windows-via-cplusplus-code\debug\04-processinfo.ilk
c:\users\yochung\desktop\windows-via-cplusplus-code\debug\04-processinfo.exe
c:\users\yochung\desktop\windows-via-cplusplus-code\debug\04-processinfo.pdb
c:\users\yochung\desktop\windows-via-cplusplus-code\04-processinfo\debug\processinfo.res
c:\users\yochung\documents\githubvisualstudio\windcode\04-processinfo\debug\processinfo.obj
c:\users\yochung\documents\githubvisualstudio\windcode\04-processinfo\debug\processinfo.res
c:\users\yochung\documents\githubvisualstudio\windcode\04-processinfo\debug\vc140.idb
c:\users\yochung\documents\githubvisualstudio\windcode\04-processinfo\debug\vc140.pdb
c:\users\yochung\documents\githubvisualstudio\windcode\debug\04-processinfo.pdb
c:\users\yochung\documents\githubvisualstudio\windcode\debug\04-processinfo.exe
c:\users\yochung\documents\githubvisualstudio\windcode\debug\04-processinfo.ilk
c:\users\yochung\documents\githubvisualstudio\windcode\04-processinfo\debug\04-processinfo.tlog\cl.command.1.tlog
c:\users\yochung\documents\githubvisualstudio\windcode\04-processinfo\debug\04-processinfo.tlog\cl.read.1.tlog
c:\users\yochung\documents\githubvisualstudio\windcode\04-processinfo\debug\04-processinfo.tlog\cl.write.1.tlog
c:\users\yochung\documents\githubvisualstudio\windcode\04-processinfo\debug\04-processinfo.tlog\link.command.1.tlog
c:\users\yochung\documents\githubvisualstudio\windcode\04-processinfo\debug\04-processinfo.tlog\link.read.1.tlog
c:\users\yochung\documents\githubvisualstudio\windcode\04-processinfo\debug\04-processinfo.tlog\link.write.1.tlog
c:\users\yochung\documents\githubvisualstudio\windcode\04-processinfo\debug\04-processinfo.tlog\rc.command.1.tlog
c:\users\yochung\documents\githubvisualstudio\windcode\04-processinfo\debug\04-processinfo.tlog\rc.read.1.tlog
c:\users\yochung\documents\githubvisualstudio\windcode\04-processinfo\debug\04-processinfo.tlog\rc.write.1.tlog
