c:\users\yochung\desktop\windows-via-cplusplus-code\17-mmfsparse\debug\vc140.pdb
c:\users\yochung\desktop\windows-via-cplusplus-code\17-mmfsparse\debug\vc140.idb
c:\users\yochung\desktop\windows-via-cplusplus-code\17-mmfsparse\debug\mmfsparse.obj
c:\users\yochung\desktop\windows-via-cplusplus-code\debug\17-mmfsparse.ilk
c:\users\yochung\desktop\windows-via-cplusplus-code\debug\17-mmfsparse.exe
c:\users\yochung\desktop\windows-via-cplusplus-code\debug\17-mmfsparse.pdb
c:\users\yochung\desktop\windows-via-cplusplus-code\17-mmfsparse\debug\mmfsparse.res
c:\users\yochung\documents\githubvisualstudio\windcode\17-mmfsparse\debug\mmfsparse.obj
c:\users\yochung\documents\githubvisualstudio\windcode\17-mmfsparse\debug\mmfsparse.res
c:\users\yochung\documents\githubvisualstudio\windcode\17-mmfsparse\debug\vc140.idb
c:\users\yochung\documents\githubvisualstudio\windcode\17-mmfsparse\debug\vc140.pdb
c:\users\yochung\documents\githubvisualstudio\windcode\debug\17-mmfsparse.pdb
c:\users\yochung\documents\githubvisualstudio\windcode\debug\17-mmfsparse.exe
c:\users\yochung\documents\githubvisualstudio\windcode\debug\17-mmfsparse.ilk
c:\users\yochung\documents\githubvisualstudio\windcode\17-mmfsparse\debug\17-mmfsparse.tlog\cl.command.1.tlog
c:\users\yochung\documents\githubvisualstudio\windcode\17-mmfsparse\debug\17-mmfsparse.tlog\cl.read.1.tlog
c:\users\yochung\documents\githubvisualstudio\windcode\17-mmfsparse\debug\17-mmfsparse.tlog\cl.write.1.tlog
c:\users\yochung\documents\githubvisualstudio\windcode\17-mmfsparse\debug\17-mmfsparse.tlog\link.command.1.tlog
c:\users\yochung\documents\githubvisualstudio\windcode\17-mmfsparse\debug\17-mmfsparse.tlog\link.read.1.tlog
c:\users\yochung\documents\githubvisualstudio\windcode\17-mmfsparse\debug\17-mmfsparse.tlog\link.write.1.tlog
c:\users\yochung\documents\githubvisualstudio\windcode\17-mmfsparse\debug\17-mmfsparse.tlog\rc.command.1.tlog
c:\users\yochung\documents\githubvisualstudio\windcode\17-mmfsparse\debug\17-mmfsparse.tlog\rc.read.1.tlog
c:\users\yochung\documents\githubvisualstudio\windcode\17-mmfsparse\debug\17-mmfsparse.tlog\rc.write.1.tlog
