c:\users\yochung\desktop\windows-via-cplusplus-code\22-lastmsgboxinfo\debug\vc140.pdb
c:\users\yochung\desktop\windows-via-cplusplus-code\22-lastmsgboxinfo\debug\vc140.idb
c:\users\yochung\desktop\windows-via-cplusplus-code\22-lastmsgboxinfo\debug\lastmsgboxinfo.obj
c:\users\yochung\desktop\windows-via-cplusplus-code\debug\22-lastmsgboxinfo.ilk
c:\users\yochung\desktop\windows-via-cplusplus-code\debug\22-lastmsgboxinfo.exe
c:\users\yochung\desktop\windows-via-cplusplus-code\debug\22-lastmsgboxinfo.pdb
c:\users\yochung\desktop\windows-via-cplusplus-code\22-lastmsgboxinfo\debug\lastmsgboxinfo.res
c:\users\yochung\documents\githubvisualstudio\windcode\22-lastmsgboxinfo\debug\lastmsgboxinfo.obj
c:\users\yochung\documents\githubvisualstudio\windcode\22-lastmsgboxinfo\debug\lastmsgboxinfo.res
c:\users\yochung\documents\githubvisualstudio\windcode\22-lastmsgboxinfo\debug\vc140.idb
c:\users\yochung\documents\githubvisualstudio\windcode\22-lastmsgboxinfo\debug\vc140.pdb
c:\users\yochung\documents\githubvisualstudio\windcode\debug\22-lastmsgboxinfo.pdb
c:\users\yochung\documents\githubvisualstudio\windcode\debug\22-lastmsgboxinfo.exe
c:\users\yochung\documents\githubvisualstudio\windcode\debug\22-lastmsgboxinfo.ilk
c:\users\yochung\documents\githubvisualstudio\windcode\22-lastmsgboxinfo\debug\22-lastm.6cfdf6da.tlog\cl.command.1.tlog
c:\users\yochung\documents\githubvisualstudio\windcode\22-lastmsgboxinfo\debug\22-lastm.6cfdf6da.tlog\cl.read.1.tlog
c:\users\yochung\documents\githubvisualstudio\windcode\22-lastmsgboxinfo\debug\22-lastm.6cfdf6da.tlog\cl.write.1.tlog
c:\users\yochung\documents\githubvisualstudio\windcode\22-lastmsgboxinfo\debug\22-lastm.6cfdf6da.tlog\link.command.1.tlog
c:\users\yochung\documents\githubvisualstudio\windcode\22-lastmsgboxinfo\debug\22-lastm.6cfdf6da.tlog\link.read.1.tlog
c:\users\yochung\documents\githubvisualstudio\windcode\22-lastmsgboxinfo\debug\22-lastm.6cfdf6da.tlog\link.write.1.tlog
c:\users\yochung\documents\githubvisualstudio\windcode\22-lastmsgboxinfo\debug\22-lastm.6cfdf6da.tlog\rc.command.1.tlog
c:\users\yochung\documents\githubvisualstudio\windcode\22-lastmsgboxinfo\debug\22-lastm.6cfdf6da.tlog\rc.read.1.tlog
c:\users\yochung\documents\githubvisualstudio\windcode\22-lastmsgboxinfo\debug\22-lastm.6cfdf6da.tlog\rc.write.1.tlog
