c:\users\yochung\desktop\windows-via-cplusplus-code\17-appinst\debug\vc140.pdb
c:\users\yochung\desktop\windows-via-cplusplus-code\17-appinst\debug\vc140.idb
c:\users\yochung\desktop\windows-via-cplusplus-code\17-appinst\debug\appinst.obj
c:\users\yochung\desktop\windows-via-cplusplus-code\debug\17-appinst.ilk
c:\users\yochung\desktop\windows-via-cplusplus-code\debug\17-appinst.exe
c:\users\yochung\desktop\windows-via-cplusplus-code\debug\17-appinst.pdb
c:\users\yochung\desktop\windows-via-cplusplus-code\17-appinst\debug\appinst.res
c:\users\yochung\documents\githubvisualstudio\windcode\17-appinst\debug\appinst.obj
c:\users\yochung\documents\githubvisualstudio\windcode\17-appinst\debug\appinst.res
c:\users\yochung\documents\githubvisualstudio\windcode\17-appinst\debug\vc140.idb
c:\users\yochung\documents\githubvisualstudio\windcode\17-appinst\debug\vc140.pdb
c:\users\yochung\documents\githubvisualstudio\windcode\debug\17-appinst.pdb
c:\users\yochung\documents\githubvisualstudio\windcode\debug\17-appinst.exe
c:\users\yochung\documents\githubvisualstudio\windcode\debug\17-appinst.ilk
c:\users\yochung\documents\githubvisualstudio\windcode\17-appinst\debug\17-appinst.tlog\cl.command.1.tlog
c:\users\yochung\documents\githubvisualstudio\windcode\17-appinst\debug\17-appinst.tlog\cl.read.1.tlog
c:\users\yochung\documents\githubvisualstudio\windcode\17-appinst\debug\17-appinst.tlog\cl.write.1.tlog
c:\users\yochung\documents\githubvisualstudio\windcode\17-appinst\debug\17-appinst.tlog\link.command.1.tlog
c:\users\yochung\documents\githubvisualstudio\windcode\17-appinst\debug\17-appinst.tlog\link.read.1.tlog
c:\users\yochung\documents\githubvisualstudio\windcode\17-appinst\debug\17-appinst.tlog\link.write.1.tlog
c:\users\yochung\documents\githubvisualstudio\windcode\17-appinst\debug\17-appinst.tlog\rc.command.1.tlog
c:\users\yochung\documents\githubvisualstudio\windcode\17-appinst\debug\17-appinst.tlog\rc.read.1.tlog
c:\users\yochung\documents\githubvisualstudio\windcode\17-appinst\debug\17-appinst.tlog\rc.write.1.tlog
