c:\users\yochung\desktop\windows-via-cplusplus-code\03-singleton\debug\vc140.pdb
c:\users\yochung\desktop\windows-via-cplusplus-code\03-singleton\debug\vc140.idb
c:\users\yochung\desktop\windows-via-cplusplus-code\03-singleton\debug\singleton.obj
c:\users\yochung\desktop\windows-via-cplusplus-code\debug\03-singleton.ilk
c:\users\yochung\desktop\windows-via-cplusplus-code\debug\03-singleton.exe
c:\users\yochung\desktop\windows-via-cplusplus-code\debug\03-singleton.pdb
c:\users\yochung\desktop\windows-via-cplusplus-code\03-singleton\debug\singleton.res
c:\users\yochung\documents\githubvisualstudio\windcode\03-singleton\debug\singleton.obj
c:\users\yochung\documents\githubvisualstudio\windcode\03-singleton\debug\singleton.res
c:\users\yochung\documents\githubvisualstudio\windcode\03-singleton\debug\vc140.idb
c:\users\yochung\documents\githubvisualstudio\windcode\03-singleton\debug\vc140.pdb
c:\users\yochung\documents\githubvisualstudio\windcode\debug\03-singleton.pdb
c:\users\yochung\documents\githubvisualstudio\windcode\debug\03-singleton.exe
c:\users\yochung\documents\githubvisualstudio\windcode\debug\03-singleton.ilk
c:\users\yochung\documents\githubvisualstudio\windcode\03-singleton\debug\03-singleton.tlog\cl.command.1.tlog
c:\users\yochung\documents\githubvisualstudio\windcode\03-singleton\debug\03-singleton.tlog\cl.read.1.tlog
c:\users\yochung\documents\githubvisualstudio\windcode\03-singleton\debug\03-singleton.tlog\cl.write.1.tlog
c:\users\yochung\documents\githubvisualstudio\windcode\03-singleton\debug\03-singleton.tlog\link.command.1.tlog
c:\users\yochung\documents\githubvisualstudio\windcode\03-singleton\debug\03-singleton.tlog\link.read.1.tlog
c:\users\yochung\documents\githubvisualstudio\windcode\03-singleton\debug\03-singleton.tlog\link.write.1.tlog
c:\users\yochung\documents\githubvisualstudio\windcode\03-singleton\debug\03-singleton.tlog\rc.command.1.tlog
c:\users\yochung\documents\githubvisualstudio\windcode\03-singleton\debug\03-singleton.tlog\rc.read.1.tlog
c:\users\yochung\documents\githubvisualstudio\windcode\03-singleton\debug\03-singleton.tlog\rc.write.1.tlog
