c:\users\yochung\desktop\windows-via-cplusplus-code\11-timedmsgbox\debug\vc140.pdb
c:\users\yochung\desktop\windows-via-cplusplus-code\11-timedmsgbox\debug\vc140.idb
c:\users\yochung\desktop\windows-via-cplusplus-code\11-timedmsgbox\debug\timedmsgbox.obj
c:\users\yochung\desktop\windows-via-cplusplus-code\debug\11-timedmsgbox.ilk
c:\users\yochung\desktop\windows-via-cplusplus-code\debug\11-timedmsgbox.exe
c:\users\yochung\desktop\windows-via-cplusplus-code\debug\11-timedmsgbox.pdb
c:\users\yochung\desktop\windows-via-cplusplus-code\11-timedmsgbox\debug\timedmsgbox.res
c:\users\yochung\documents\githubvisualstudio\windcode\11-timedmsgbox\debug\timedmsgbox.obj
c:\users\yochung\documents\githubvisualstudio\windcode\11-timedmsgbox\debug\timedmsgbox.res
c:\users\yochung\documents\githubvisualstudio\windcode\11-timedmsgbox\debug\vc140.idb
c:\users\yochung\documents\githubvisualstudio\windcode\11-timedmsgbox\debug\vc140.pdb
c:\users\yochung\documents\githubvisualstudio\windcode\debug\11-timedmsgbox.pdb
c:\users\yochung\documents\githubvisualstudio\windcode\debug\11-timedmsgbox.exe
c:\users\yochung\documents\githubvisualstudio\windcode\debug\11-timedmsgbox.ilk
c:\users\yochung\documents\githubvisualstudio\windcode\11-timedmsgbox\debug\11-timedmsgbox.tlog\cl.command.1.tlog
c:\users\yochung\documents\githubvisualstudio\windcode\11-timedmsgbox\debug\11-timedmsgbox.tlog\cl.read.1.tlog
c:\users\yochung\documents\githubvisualstudio\windcode\11-timedmsgbox\debug\11-timedmsgbox.tlog\cl.write.1.tlog
c:\users\yochung\documents\githubvisualstudio\windcode\11-timedmsgbox\debug\11-timedmsgbox.tlog\link.command.1.tlog
c:\users\yochung\documents\githubvisualstudio\windcode\11-timedmsgbox\debug\11-timedmsgbox.tlog\link.read.1.tlog
c:\users\yochung\documents\githubvisualstudio\windcode\11-timedmsgbox\debug\11-timedmsgbox.tlog\link.write.1.tlog
c:\users\yochung\documents\githubvisualstudio\windcode\11-timedmsgbox\debug\11-timedmsgbox.tlog\rc.command.1.tlog
c:\users\yochung\documents\githubvisualstudio\windcode\11-timedmsgbox\debug\11-timedmsgbox.tlog\rc.read.1.tlog
c:\users\yochung\documents\githubvisualstudio\windcode\11-timedmsgbox\debug\11-timedmsgbox.tlog\rc.write.1.tlog
