c:\users\yochung\desktop\windows-via-cplusplus-code\22-dips\debug\vc140.pdb
c:\users\yochung\desktop\windows-via-cplusplus-code\22-dips\debug\vc140.idb
c:\users\yochung\desktop\windows-via-cplusplus-code\22-dips\debug\dips.obj
c:\users\yochung\desktop\windows-via-cplusplus-code\debug\22-dips.ilk
c:\users\yochung\desktop\windows-via-cplusplus-code\debug\22-dips.exe
c:\users\yochung\desktop\windows-via-cplusplus-code\debug\22-dips.pdb
c:\users\yochung\desktop\windows-via-cplusplus-code\22-dips\debug\dips.res
c:\users\yochung\documents\githubvisualstudio\windcode\22-dips\debug\dips.obj
c:\users\yochung\documents\githubvisualstudio\windcode\22-dips\debug\dips.res
c:\users\yochung\documents\githubvisualstudio\windcode\22-dips\debug\vc140.idb
c:\users\yochung\documents\githubvisualstudio\windcode\22-dips\debug\vc140.pdb
c:\users\yochung\documents\githubvisualstudio\windcode\debug\22-dips.pdb
c:\users\yochung\documents\githubvisualstudio\windcode\debug\22-dips.exe
c:\users\yochung\documents\githubvisualstudio\windcode\debug\22-dips.ilk
c:\users\yochung\documents\githubvisualstudio\windcode\22-dips\debug\22-dips.tlog\cl.command.1.tlog
c:\users\yochung\documents\githubvisualstudio\windcode\22-dips\debug\22-dips.tlog\cl.read.1.tlog
c:\users\yochung\documents\githubvisualstudio\windcode\22-dips\debug\22-dips.tlog\cl.write.1.tlog
c:\users\yochung\documents\githubvisualstudio\windcode\22-dips\debug\22-dips.tlog\link.command.1.tlog
c:\users\yochung\documents\githubvisualstudio\windcode\22-dips\debug\22-dips.tlog\link.read.1.tlog
c:\users\yochung\documents\githubvisualstudio\windcode\22-dips\debug\22-dips.tlog\link.write.1.tlog
c:\users\yochung\documents\githubvisualstudio\windcode\22-dips\debug\22-dips.tlog\rc.command.1.tlog
c:\users\yochung\documents\githubvisualstudio\windcode\22-dips\debug\22-dips.tlog\rc.read.1.tlog
c:\users\yochung\documents\githubvisualstudio\windcode\22-dips\debug\22-dips.tlog\rc.write.1.tlog
