c:\users\yochung\desktop\windows-via-cplusplus-code\15-memreset\debug\vc140.pdb
c:\users\yochung\desktop\windows-via-cplusplus-code\15-memreset\debug\vc140.idb
c:\users\yochung\desktop\windows-via-cplusplus-code\15-memreset\debug\memreset.obj
c:\users\yochung\desktop\windows-via-cplusplus-code\debug\15-memreset.ilk
c:\users\yochung\desktop\windows-via-cplusplus-code\debug\15-memreset.exe
c:\users\yochung\desktop\windows-via-cplusplus-code\debug\15-memreset.pdb
c:\users\yochung\desktop\windows-via-cplusplus-code\15-memreset\debug\memreset.res
c:\users\yochung\documents\githubvisualstudio\windcode\15-memreset\debug\memreset.obj
c:\users\yochung\documents\githubvisualstudio\windcode\15-memreset\debug\memreset.res
c:\users\yochung\documents\githubvisualstudio\windcode\15-memreset\debug\vc140.idb
c:\users\yochung\documents\githubvisualstudio\windcode\15-memreset\debug\vc140.pdb
c:\users\yochung\documents\githubvisualstudio\windcode\debug\15-memreset.pdb
c:\users\yochung\documents\githubvisualstudio\windcode\debug\15-memreset.exe
c:\users\yochung\documents\githubvisualstudio\windcode\debug\15-memreset.ilk
c:\users\yochung\documents\githubvisualstudio\windcode\15-memreset\debug\15-memreset.tlog\cl.command.1.tlog
c:\users\yochung\documents\githubvisualstudio\windcode\15-memreset\debug\15-memreset.tlog\cl.read.1.tlog
c:\users\yochung\documents\githubvisualstudio\windcode\15-memreset\debug\15-memreset.tlog\cl.write.1.tlog
c:\users\yochung\documents\githubvisualstudio\windcode\15-memreset\debug\15-memreset.tlog\link.command.1.tlog
c:\users\yochung\documents\githubvisualstudio\windcode\15-memreset\debug\15-memreset.tlog\link.read.1.tlog
c:\users\yochung\documents\githubvisualstudio\windcode\15-memreset\debug\15-memreset.tlog\link.write.1.tlog
c:\users\yochung\documents\githubvisualstudio\windcode\15-memreset\debug\15-memreset.tlog\rc.command.1.tlog
c:\users\yochung\documents\githubvisualstudio\windcode\15-memreset\debug\15-memreset.tlog\rc.read.1.tlog
c:\users\yochung\documents\githubvisualstudio\windcode\15-memreset\debug\15-memreset.tlog\rc.write.1.tlog
