c:\users\yochung\desktop\windows-via-cplusplus-code\debug\22-lastmsgboxinfolib.lib
c:\users\yochung\desktop\windows-via-cplusplus-code\debug\22-lastmsgboxinfolib.exp
c:\users\yochung\desktop\windows-via-cplusplus-code\22-lastmsgboxinfolib\debug\vc140.pdb
c:\users\yochung\desktop\windows-via-cplusplus-code\22-lastmsgboxinfolib\debug\vc140.idb
c:\users\yochung\desktop\windows-via-cplusplus-code\22-lastmsgboxinfolib\debug\apihook.obj
c:\users\yochung\desktop\windows-via-cplusplus-code\22-lastmsgboxinfolib\debug\lastmsgboxinfolib.obj
c:\users\yochung\desktop\windows-via-cplusplus-code\debug\22-lastmsgboxinfolib.ilk
c:\users\yochung\desktop\windows-via-cplusplus-code\debug\22-lastmsgboxinfolib.dll
c:\users\yochung\desktop\windows-via-cplusplus-code\debug\22-lastmsgboxinfolib.pdb
c:\users\yochung\documents\githubvisualstudio\windcode\22-lastmsgboxinfolib\debug\apihook.obj
c:\users\yochung\documents\githubvisualstudio\windcode\22-lastmsgboxinfolib\debug\lastmsgboxinfolib.obj
c:\users\yochung\documents\githubvisualstudio\windcode\22-lastmsgboxinfolib\debug\vc140.idb
c:\users\yochung\documents\githubvisualstudio\windcode\22-lastmsgboxinfolib\debug\vc140.pdb
c:\users\yochung\documents\githubvisualstudio\windcode\debug\22-lastmsgboxinfolib.pdb
c:\users\yochung\documents\githubvisualstudio\windcode\debug\22-lastmsgboxinfolib.dll
c:\users\yochung\documents\githubvisualstudio\windcode\debug\22-lastmsgboxinfolib.ilk
c:\users\yochung\documents\githubvisualstudio\windcode\22-lastmsgboxinfolib\debug\22-lastm.d24e1fef.tlog\22-lastmsgboxinfolib.write.1u.tlog
c:\users\yochung\documents\githubvisualstudio\windcode\22-lastmsgboxinfolib\debug\22-lastm.d24e1fef.tlog\cl.command.1.tlog
c:\users\yochung\documents\githubvisualstudio\windcode\22-lastmsgboxinfolib\debug\22-lastm.d24e1fef.tlog\cl.read.1.tlog
c:\users\yochung\documents\githubvisualstudio\windcode\22-lastmsgboxinfolib\debug\22-lastm.d24e1fef.tlog\cl.write.1.tlog
c:\users\yochung\documents\githubvisualstudio\windcode\22-lastmsgboxinfolib\debug\22-lastm.d24e1fef.tlog\link.command.1.tlog
c:\users\yochung\documents\githubvisualstudio\windcode\22-lastmsgboxinfolib\debug\22-lastm.d24e1fef.tlog\link.read.1.tlog
c:\users\yochung\documents\githubvisualstudio\windcode\22-lastmsgboxinfolib\debug\22-lastm.d24e1fef.tlog\link.write.1.tlog
