c:\users\yochung\desktop\windows-via-cplusplus-code\25-spreadsheet\debug\vc140.pdb
c:\users\yochung\desktop\windows-via-cplusplus-code\25-spreadsheet\debug\vc140.idb
c:\users\yochung\desktop\windows-via-cplusplus-code\25-spreadsheet\debug\spreadsheet.obj
c:\users\yochung\desktop\windows-via-cplusplus-code\debug\25-spreadsheet.ilk
c:\users\yochung\desktop\windows-via-cplusplus-code\debug\25-spreadsheet.exe
c:\users\yochung\desktop\windows-via-cplusplus-code\debug\25-spreadsheet.pdb
c:\users\yochung\desktop\windows-via-cplusplus-code\25-spreadsheet\debug\spreadsheet.res
c:\users\yochung\documents\githubvisualstudio\windcode\25-spreadsheet\debug\spreadsheet.obj
c:\users\yochung\documents\githubvisualstudio\windcode\25-spreadsheet\debug\spreadsheet.res
c:\users\yochung\documents\githubvisualstudio\windcode\25-spreadsheet\debug\vc140.idb
c:\users\yochung\documents\githubvisualstudio\windcode\25-spreadsheet\debug\vc140.pdb
c:\users\yochung\documents\githubvisualstudio\windcode\debug\25-spreadsheet.pdb
c:\users\yochung\documents\githubvisualstudio\windcode\debug\25-spreadsheet.exe
c:\users\yochung\documents\githubvisualstudio\windcode\debug\25-spreadsheet.ilk
c:\users\yochung\documents\githubvisualstudio\windcode\25-spreadsheet\debug\25-spreadsheet.tlog\cl.command.1.tlog
c:\users\yochung\documents\githubvisualstudio\windcode\25-spreadsheet\debug\25-spreadsheet.tlog\cl.read.1.tlog
c:\users\yochung\documents\githubvisualstudio\windcode\25-spreadsheet\debug\25-spreadsheet.tlog\cl.write.1.tlog
c:\users\yochung\documents\githubvisualstudio\windcode\25-spreadsheet\debug\25-spreadsheet.tlog\link.command.1.tlog
c:\users\yochung\documents\githubvisualstudio\windcode\25-spreadsheet\debug\25-spreadsheet.tlog\link.read.1.tlog
c:\users\yochung\documents\githubvisualstudio\windcode\25-spreadsheet\debug\25-spreadsheet.tlog\link.write.1.tlog
c:\users\yochung\documents\githubvisualstudio\windcode\25-spreadsheet\debug\25-spreadsheet.tlog\rc.command.1.tlog
c:\users\yochung\documents\githubvisualstudio\windcode\25-spreadsheet\debug\25-spreadsheet.tlog\rc.read.1.tlog
c:\users\yochung\documents\githubvisualstudio\windcode\25-spreadsheet\debug\25-spreadsheet.tlog\rc.write.1.tlog
