c:\users\yochung\desktop\windows-via-cplusplus-code\17-mmfshare\debug\vc140.pdb
c:\users\yochung\desktop\windows-via-cplusplus-code\17-mmfshare\debug\vc140.idb
c:\users\yochung\desktop\windows-via-cplusplus-code\17-mmfshare\debug\mmfshare.obj
c:\users\yochung\desktop\windows-via-cplusplus-code\debug\17-mmfshare.ilk
c:\users\yochung\desktop\windows-via-cplusplus-code\debug\17-mmfshare.exe
c:\users\yochung\desktop\windows-via-cplusplus-code\debug\17-mmfshare.pdb
c:\users\yochung\desktop\windows-via-cplusplus-code\17-mmfshare\debug\mmfshare.res
c:\users\yochung\documents\githubvisualstudio\windcode\17-mmfshare\debug\mmfshare.obj
c:\users\yochung\documents\githubvisualstudio\windcode\17-mmfshare\debug\mmfshare.res
c:\users\yochung\documents\githubvisualstudio\windcode\17-mmfshare\debug\vc140.idb
c:\users\yochung\documents\githubvisualstudio\windcode\17-mmfshare\debug\vc140.pdb
c:\users\yochung\documents\githubvisualstudio\windcode\debug\17-mmfshare.pdb
c:\users\yochung\documents\githubvisualstudio\windcode\debug\17-mmfshare.exe
c:\users\yochung\documents\githubvisualstudio\windcode\debug\17-mmfshare.ilk
c:\users\yochung\documents\githubvisualstudio\windcode\17-mmfshare\debug\17-mmfshare.tlog\cl.command.1.tlog
c:\users\yochung\documents\githubvisualstudio\windcode\17-mmfshare\debug\17-mmfshare.tlog\cl.read.1.tlog
c:\users\yochung\documents\githubvisualstudio\windcode\17-mmfshare\debug\17-mmfshare.tlog\cl.write.1.tlog
c:\users\yochung\documents\githubvisualstudio\windcode\17-mmfshare\debug\17-mmfshare.tlog\link.command.1.tlog
c:\users\yochung\documents\githubvisualstudio\windcode\17-mmfshare\debug\17-mmfshare.tlog\link.read.1.tlog
c:\users\yochung\documents\githubvisualstudio\windcode\17-mmfshare\debug\17-mmfshare.tlog\link.write.1.tlog
c:\users\yochung\documents\githubvisualstudio\windcode\17-mmfshare\debug\17-mmfshare.tlog\rc.command.1.tlog
c:\users\yochung\documents\githubvisualstudio\windcode\17-mmfshare\debug\17-mmfshare.tlog\rc.read.1.tlog
c:\users\yochung\documents\githubvisualstudio\windcode\17-mmfshare\debug\17-mmfshare.tlog\rc.write.1.tlog
