c:\users\yochung\desktop\windows-via-cplusplus-code\14-vmstat\debug\vc140.pdb
c:\users\yochung\desktop\windows-via-cplusplus-code\14-vmstat\debug\vc140.idb
c:\users\yochung\desktop\windows-via-cplusplus-code\14-vmstat\debug\vmstat.obj
c:\users\yochung\desktop\windows-via-cplusplus-code\debug\14-vmstat.ilk
c:\users\yochung\desktop\windows-via-cplusplus-code\debug\14-vmstat.exe
c:\users\yochung\desktop\windows-via-cplusplus-code\debug\14-vmstat.pdb
c:\users\yochung\desktop\windows-via-cplusplus-code\14-vmstat\debug\vmstat.res
c:\users\yochung\documents\githubvisualstudio\windcode\14-vmstat\debug\vmstat.obj
c:\users\yochung\documents\githubvisualstudio\windcode\14-vmstat\debug\vmstat.res
c:\users\yochung\documents\githubvisualstudio\windcode\14-vmstat\debug\vc140.idb
c:\users\yochung\documents\githubvisualstudio\windcode\14-vmstat\debug\vc140.pdb
c:\users\yochung\documents\githubvisualstudio\windcode\debug\14-vmstat.pdb
c:\users\yochung\documents\githubvisualstudio\windcode\debug\14-vmstat.exe
c:\users\yochung\documents\githubvisualstudio\windcode\debug\14-vmstat.ilk
c:\users\yochung\documents\githubvisualstudio\windcode\14-vmstat\debug\14-vmstat.tlog\cl.command.1.tlog
c:\users\yochung\documents\githubvisualstudio\windcode\14-vmstat\debug\14-vmstat.tlog\cl.read.1.tlog
c:\users\yochung\documents\githubvisualstudio\windcode\14-vmstat\debug\14-vmstat.tlog\cl.write.1.tlog
c:\users\yochung\documents\githubvisualstudio\windcode\14-vmstat\debug\14-vmstat.tlog\link.command.1.tlog
c:\users\yochung\documents\githubvisualstudio\windcode\14-vmstat\debug\14-vmstat.tlog\link.read.1.tlog
c:\users\yochung\documents\githubvisualstudio\windcode\14-vmstat\debug\14-vmstat.tlog\link.write.1.tlog
c:\users\yochung\documents\githubvisualstudio\windcode\14-vmstat\debug\14-vmstat.tlog\rc.command.1.tlog
c:\users\yochung\documents\githubvisualstudio\windcode\14-vmstat\debug\14-vmstat.tlog\rc.read.1.tlog
c:\users\yochung\documents\githubvisualstudio\windcode\14-vmstat\debug\14-vmstat.tlog\rc.write.1.tlog
